  CppCLR_WinFormsProject.cpp
  Form1.cpp
C:\Users\Bachelor\source\repos\CppCLR_WinForms_GUI1\CppCLR_WinForms_GUI1\Form1.cpp(66,18): warning C4267: '=': conversion from 'size_t' to 'int', possible loss of data
C:\Users\Bachelor\source\repos\CppCLR_WinForms_GUI1\CppCLR_WinForms_GUI1\Form1.cpp(72,16): warning C4267: '+=': conversion from 'size_t' to 'int', possible loss of data
C:\Users\Bachelor\source\repos\CppCLR_WinForms_GUI1\CppCLR_WinForms_GUI1\Form1.cpp(253,39): warning C4805: '==': unsafe mix of type 'boolean' and type 'bool' in operation
C:\Users\Bachelor\source\repos\CppCLR_WinForms_GUI1\CppCLR_WinForms_GUI1\Form1.cpp(221,6): warning C4101: 'zeile': unreferenced local variable
  Generating Code...
C:\Users\Bachelor\source\repos\CppCLR_WinForms_GUI1\CppCLR_WinForms_GUI1\Form1.cpp(61): warning C4793: 'dupcat': function compiled as native:
  	varargs not supported under /clr
C:\Users\Bachelor\source\repos\CppCLR_WinForms_GUI1\CppCLR_WinForms_GUI1\Form1.cpp(67): warning C4793: 'dupcat': function compiled as native:
  	Found an intrinsic not supported in managed code
C:\Users\Bachelor\source\repos\CppCLR_WinForms_GUI1\CppCLR_WinForms_GUI1\Form1.cpp(69): warning C4793: 'dupcat': function compiled as native:
  	Found an intrinsic not supported in managed code
C:\Users\Bachelor\source\repos\CppCLR_WinForms_GUI1\CppCLR_WinForms_GUI1\Form1.cpp(74): warning C4793: 'dupcat': function compiled as native:
  	Found an intrinsic not supported in managed code
C:\Users\Bachelor\source\repos\CppCLR_WinForms_GUI1\CppCLR_WinForms_GUI1\Form1.cpp(80): warning C4793: 'dupcat': function compiled as native:
  	Found an intrinsic not supported in managed code
C:\Users\Bachelor\source\repos\CppCLR_WinForms_GUI1\CppCLR_WinForms_GUI1\Form1.cpp(82): warning C4793: 'dupcat': function compiled as native:
  	Found an intrinsic not supported in managed code
C:\Users\Bachelor\source\repos\CppCLR_WinForms_GUI1\CppCLR_WinForms_GUI1\Form1.cpp(88): warning C4793: 'dupcat': function compiled as native:
  	Found an intrinsic not supported in managed code
C:\Users\Bachelor\source\repos\CppCLR_WinForms_GUI1\CppCLR_WinForms_GUI1\Form1.cpp(260): warning C4700: uninitialized local variable 'zaehler' used
  AssemblyInfo.obj : MSIL module encountered; incremental linking is disabled for MSIL; performing full link
  CppCLR_WinForms_GUI1.vcxproj -> C:\Users\Bachelor\source\repos\CppCLR_WinForms_GUI1\x64\Debug\CppCLR_WinForms_GUI1.exe
