c:\users\bachelor\source\repos\cppclr_winforms_gui1\cppclr_winforms_gui1\x64\debug\cppclr_winforms_gui1.pch
c:\users\bachelor\source\repos\cppclr_winforms_gui1\cppclr_winforms_gui1\x64\debug\vc143.pdb
c:\users\bachelor\source\repos\cppclr_winforms_gui1\cppclr_winforms_gui1\x64\debug\pch.obj
c:\users\bachelor\source\repos\cppclr_winforms_gui1\cppclr_winforms_gui1\x64\debug\form1.obj
c:\users\bachelor\source\repos\cppclr_winforms_gui1\cppclr_winforms_gui1\x64\debug\cppclr_winformsproject.obj
c:\users\bachelor\source\repos\cppclr_winforms_gui1\cppclr_winforms_gui1\x64\debug\assemblyinfo.obj
c:\users\bachelor\source\repos\cppclr_winforms_gui1\cppclr_winforms_gui1\x64\debug\.netframework,version=v4.7.2.assemblyattributes.obj
c:\users\bachelor\source\repos\cppclr_winforms_gui1\cppclr_winforms_gui1\x64\debug\test.obj
c:\users\bachelor\source\repos\cppclr_winforms_gui1\cppclr_winforms_gui1\x64\debug\app.res
c:\users\bachelor\source\repos\cppclr_winforms_gui1\x64\debug\cppclr_winforms_gui1.exe
c:\users\bachelor\source\repos\cppclr_winforms_gui1\x64\debug\cppclr_winforms_gui1.pdb
c:\users\bachelor\source\repos\cppclr_winforms_gui1\cppclr_winforms_gui1\x64\debug\cppclr_w.3b5825d2.tlog\cl.command.1.tlog
c:\users\bachelor\source\repos\cppclr_winforms_gui1\cppclr_winforms_gui1\x64\debug\cppclr_w.3b5825d2.tlog\cl.read.1.tlog
c:\users\bachelor\source\repos\cppclr_winforms_gui1\cppclr_winforms_gui1\x64\debug\cppclr_w.3b5825d2.tlog\cl.write.1.tlog
c:\users\bachelor\source\repos\cppclr_winforms_gui1\cppclr_winforms_gui1\x64\debug\cppclr_w.3b5825d2.tlog\link.7944-cvtres.read.1.tlog
c:\users\bachelor\source\repos\cppclr_winforms_gui1\cppclr_winforms_gui1\x64\debug\cppclr_w.3b5825d2.tlog\link.7944-cvtres.write.1.tlog
c:\users\bachelor\source\repos\cppclr_winforms_gui1\cppclr_winforms_gui1\x64\debug\cppclr_w.3b5825d2.tlog\link.7944-rc.read.1.tlog
c:\users\bachelor\source\repos\cppclr_winforms_gui1\cppclr_winforms_gui1\x64\debug\cppclr_w.3b5825d2.tlog\link.7944-rc.write.1.tlog
c:\users\bachelor\source\repos\cppclr_winforms_gui1\cppclr_winforms_gui1\x64\debug\cppclr_w.3b5825d2.tlog\link.7944.read.1.tlog
c:\users\bachelor\source\repos\cppclr_winforms_gui1\cppclr_winforms_gui1\x64\debug\cppclr_w.3b5825d2.tlog\link.7944.read.2.tlog
c:\users\bachelor\source\repos\cppclr_winforms_gui1\cppclr_winforms_gui1\x64\debug\cppclr_w.3b5825d2.tlog\link.7944.write.1.tlog
c:\users\bachelor\source\repos\cppclr_winforms_gui1\cppclr_winforms_gui1\x64\debug\cppclr_w.3b5825d2.tlog\link.8808-cvtres.read.1.tlog
c:\users\bachelor\source\repos\cppclr_winforms_gui1\cppclr_winforms_gui1\x64\debug\cppclr_w.3b5825d2.tlog\link.8808-cvtres.write.1.tlog
c:\users\bachelor\source\repos\cppclr_winforms_gui1\cppclr_winforms_gui1\x64\debug\cppclr_w.3b5825d2.tlog\link.8808-rc.read.1.tlog
c:\users\bachelor\source\repos\cppclr_winforms_gui1\cppclr_winforms_gui1\x64\debug\cppclr_w.3b5825d2.tlog\link.8808-rc.write.1.tlog
c:\users\bachelor\source\repos\cppclr_winforms_gui1\cppclr_winforms_gui1\x64\debug\cppclr_w.3b5825d2.tlog\link.8808.read.1.tlog
c:\users\bachelor\source\repos\cppclr_winforms_gui1\cppclr_winforms_gui1\x64\debug\cppclr_w.3b5825d2.tlog\link.8808.read.2.tlog
c:\users\bachelor\source\repos\cppclr_winforms_gui1\cppclr_winforms_gui1\x64\debug\cppclr_w.3b5825d2.tlog\link.8808.write.1.tlog
c:\users\bachelor\source\repos\cppclr_winforms_gui1\cppclr_winforms_gui1\x64\debug\cppclr_w.3b5825d2.tlog\link.command.1.tlog
c:\users\bachelor\source\repos\cppclr_winforms_gui1\cppclr_winforms_gui1\x64\debug\cppclr_w.3b5825d2.tlog\link.read.1.tlog
c:\users\bachelor\source\repos\cppclr_winforms_gui1\cppclr_winforms_gui1\x64\debug\cppclr_w.3b5825d2.tlog\link.read.2.tlog
c:\users\bachelor\source\repos\cppclr_winforms_gui1\cppclr_winforms_gui1\x64\debug\cppclr_w.3b5825d2.tlog\link.write.1.tlog
c:\users\bachelor\source\repos\cppclr_winforms_gui1\cppclr_winforms_gui1\x64\debug\cppclr_w.3b5825d2.tlog\metagen.read.1.tlog
c:\users\bachelor\source\repos\cppclr_winforms_gui1\cppclr_winforms_gui1\x64\debug\cppclr_w.3b5825d2.tlog\metagen.write.1.tlog
c:\users\bachelor\source\repos\cppclr_winforms_gui1\cppclr_winforms_gui1\x64\debug\cppclr_w.3b5825d2.tlog\rc.command.1.tlog
c:\users\bachelor\source\repos\cppclr_winforms_gui1\cppclr_winforms_gui1\x64\debug\cppclr_w.3b5825d2.tlog\rc.read.1.tlog
c:\users\bachelor\source\repos\cppclr_winforms_gui1\cppclr_winforms_gui1\x64\debug\cppclr_w.3b5825d2.tlog\rc.write.1.tlog
c:\users\bachelor\source\repos\cppclr_winforms_gui1\cppclr_winforms_gui1\x64\debug\cppclr_w.3b5825d2.tlog\resgen.command.1.tlog
c:\users\bachelor\source\repos\cppclr_winforms_gui1\cppclr_winforms_gui1\x64\debug\cppclr_w.3b5825d2.tlog\resgen.read.1.tlog
c:\users\bachelor\source\repos\cppclr_winforms_gui1\cppclr_winforms_gui1\x64\debug\cppclr_w.3b5825d2.tlog\resgen.write.1.tlog
